Starting job 5765491 on c72-7 on fram at Thu Apr 11 22:12:01 CEST 2024

/cluster/projects/nn9348k/Jakub/env/lib/python3.10/site-packages/numpy/lib/nanfunctions.py:1583: RuntimeWarning: All-NaN slice encountered
  result = np.apply_along_axis(_nanquantile_1d, axis, a, q,
/cluster/projects/nn9348k/Jakub/env/lib/python3.10/site-packages/numpy/lib/nanfunctions.py:1583: RuntimeWarning: All-NaN slice encountered
  result = np.apply_along_axis(_nanquantile_1d, axis, a, q,
 ... Temperature analysis done
 ... Fourier analysis done
... Amplitude analysis done
... Speed analysis done
... Heatwave analysis done
/var/spool/slurmd/job5765491/slurm_script: line 46: syntax error near unexpected token `&&'
/var/spool/slurmd/job5765491/slurm_script: line 46: `&& python3 ../5_plot_results.py \'

Job 5765491 consumed 30.7 billing hours from project nn9348k.

Submitted 2024-04-11T22:12:01; waited 0.0 seconds in the queue after becoming eligible to run.

Requested wallclock time: 7.0 days
Elapsed wallclock time:   57.6 minutes

Task and CPU statistics:
ID             CPUs  Tasks  CPU util                Start   Elapsed  Exit status
5765491          32            0.0 %  2024-04-11T22:12:01  3454.0 s  2 (shell builtin error)
5765491.batch    32      1     3.4 %  2024-04-11T22:12:01  3454.0 s  2 (shell builtin error)

Used CPU time:   1.1 CPU hours
Unused CPU time: 1.2 CPU days

Memory statistics, in GiB:
ID              Alloc   Usage
5765491          59.0        
5765491.batch    59.0     6.3

Job 5765491 completed at Thu Apr 11 23:09:36 CEST 2024
