Starting job 5601442 on c85-12 on fram at Sat Feb 17 17:30:00 CET 2024

/cluster/projects/nn9348k/Jakub/env/lib/python3.10/site-packages/numpy/lib/nanfunctions.py:1583: RuntimeWarning: All-NaN slice encountered
  result = np.apply_along_axis(_nanquantile_1d, axis, a, q,
/cluster/projects/nn9348k/Jakub/env/lib/python3.10/site-packages/numpy/lib/nanfunctions.py:1583: RuntimeWarning: All-NaN slice encountered
  result = np.apply_along_axis(_nanquantile_1d, axis, a, q,
 ... Temperature analysis done
 ... Fourier analysis done
... Amplitude analysis done
... Speed analysis done
... Heatwave analysis done

Job 5601442 consumed 30.2 billing hours from project nn9348k.

Submitted 2024-02-17T17:29:40; waited 20.0 seconds in the queue after becoming eligible to run.

Requested wallclock time: 7.0 days
Elapsed wallclock time:   56.6 minutes

Task and CPU statistics:
ID             CPUs  Tasks  CPU util                Start   Elapsed  Exit status
5601442          32            0.0 %  2024-02-17T17:30:00  3398.0 s  0
5601442.batch    32      1     3.5 %  2024-02-17T17:30:00  3398.0 s  0

Used CPU time:   1.1 CPU hours
Unused CPU time: 1.2 CPU days

Memory statistics, in GiB:
ID              Alloc   Usage
5601442          59.0        
5601442.batch    59.0     6.3

Job 5601442 completed at Sat Feb 17 18:26:39 CET 2024
